
10/13/2016, 8:40:03 AM

Operating System
  Name                        = Mac OS X
  Version                     = 10.11.6
  Architecture                = 64bit
  # CPUs                      = 4
  Memory                      = 8589934592

Node.js
  Node.js Version             = 4.2.2
  npm Version                 = 2.14.7

Titanium CLI
  CLI Version                 = 5.0.9

Titanium SDK
  SDK Version                 = 5.3.0.GA
  SDK Path                    = /Users/robertonou/Library/Application Support/Titanium/mobilesdk/osx/5.3.0.GA
  Target Platform             = android

Command
  /usr/local/bin/node /Users/robertonou/.appcelerator/install/5.5.1/package/node_modules/titanium/lib/titanium.js build run --platform android --log-level trace --sdk 5.3.0.GA --project-dir /Users/robertonou/Documents/Appcelerator_Studio_Workspace/OMDbFavoritos --target device --android-sdk /Applications/android-sdk-macosx --device-id 04cddac500748f66 --skip-js-minify --no-colors --no-progress-bars --no-prompt --prompt-type socket-bundle --prompt-port 53296 --username betonou@gmail.com --password inri33ac --config-file /var/folders/5n/k21chm0s731d05bty9n2z3mw0000gn/T/build-1476358796335.json --no-banner --project-dir /Users/robertonou/Documents/Appcelerator_Studio_Workspace/OMDbFavoritos

[DEBUG]  Detecting modules in /Users/robertonou/Library/Application Support/Titanium/modules
[DEBUG]  Detected android module: com.appcelerator.apm 1.1.1 @ /Users/robertonou/Library/Application Support/Titanium/modules/android/com.appcelerator.apm/1.1.1
[DEBUG]  Detected android module: com.pushwoosh.module 1.0 @ /Users/robertonou/Library/Application Support/Titanium/modules/android/com.pushwoosh.module/1.0
[DEBUG]  Detected android module: com.rkam.swiperefreshlayout 0.4.1 @ /Users/robertonou/Library/Application Support/Titanium/modules/android/com.rkam.swiperefreshlayout/0.4.1
[DEBUG]  Detected android module: com.tripvi.drawerlayout 1.3.4 @ /Users/robertonou/Library/Application Support/Titanium/modules/android/com.tripvi.drawerlayout/1.3.4
[DEBUG]  Detected android module: facebook 3.0.2 @ /Users/robertonou/Library/Application Support/Titanium/modules/android/facebook/3.0.2
[DEBUG]  Detected android module: facebook 3.0.3 @ /Users/robertonou/Library/Application Support/Titanium/modules/android/facebook/3.0.3
[DEBUG]  Detected android module: facebook 4.0.3 @ /Users/robertonou/Library/Application Support/Titanium/modules/android/facebook/4.0.3
[DEBUG]  Detected android module: facebook 4.0.5 @ /Users/robertonou/Library/Application Support/Titanium/modules/android/facebook/4.0.5
[DEBUG]  Detected android module: facebook 5.0.0 @ /Users/robertonou/Library/Application Support/Titanium/modules/android/facebook/5.0.0
[DEBUG]  Detected android module: facebook 5.2.0 @ /Users/robertonou/Library/Application Support/Titanium/modules/android/facebook/5.2.0
[DEBUG]  Detected android module: hyperloop 1.2.7 @ /Users/robertonou/Library/Application Support/Titanium/modules/android/hyperloop/1.2.7
[DEBUG]  Detected android module: ti.cloudpush 3.2.1 @ /Users/robertonou/Library/Application Support/Titanium/modules/android/ti.cloudpush/3.2.1
[DEBUG]  Detected android module: ti.cloudpush 3.3.0 @ /Users/robertonou/Library/Application Support/Titanium/modules/android/ti.cloudpush/3.3.0
[DEBUG]  Detected android module: ti.cloudpush 3.3.4 @ /Users/robertonou/Library/Application Support/Titanium/modules/android/ti.cloudpush/3.3.4
[DEBUG]  Detected android module: ti.cloudpush 3.3.7 @ /Users/robertonou/Library/Application Support/Titanium/modules/android/ti.cloudpush/3.3.7
[DEBUG]  Detected android module: ti.cloudpush 3.3.8 @ /Users/robertonou/Library/Application Support/Titanium/modules/android/ti.cloudpush/3.3.8
[DEBUG]  Detected android module: ti.cloudpush 3.4.0 @ /Users/robertonou/Library/Application Support/Titanium/modules/android/ti.cloudpush/3.4.0
[DEBUG]  Detected android module: ti.cloudpush 3.4.1 @ /Users/robertonou/Library/Application Support/Titanium/modules/android/ti.cloudpush/3.4.1
[DEBUG]  Detected android module: ti.map 2.1.4 @ /Users/robertonou/Library/Application Support/Titanium/modules/android/ti.map/2.1.4
[DEBUG]  Detected android module: ti.map 2.2.2 @ /Users/robertonou/Library/Application Support/Titanium/modules/android/ti.map/2.2.2
[DEBUG]  Detected android module: ti.map 2.2.3 @ /Users/robertonou/Library/Application Support/Titanium/modules/android/ti.map/2.2.3
[DEBUG]  Detected android module: ti.map 2.3.0 @ /Users/robertonou/Library/Application Support/Titanium/modules/android/ti.map/2.3.0
[DEBUG]  Detected android module: ti.map 2.3.1 @ /Users/robertonou/Library/Application Support/Titanium/modules/android/ti.map/2.3.1
[DEBUG]  Detected android module: ti.map 2.3.10 @ /Users/robertonou/Library/Application Support/Titanium/modules/android/ti.map/2.3.10
[DEBUG]  Detected android module: ti.map 2.3.3 @ /Users/robertonou/Library/Application Support/Titanium/modules/android/ti.map/2.3.3
[DEBUG]  Detected android module: ti.map 2.3.4 @ /Users/robertonou/Library/Application Support/Titanium/modules/android/ti.map/2.3.4
[DEBUG]  Detected android module: ti.map 2.3.6 @ /Users/robertonou/Library/Application Support/Titanium/modules/android/ti.map/2.3.6
[DEBUG]  Detected android module: ti.touchid 1.0.0 @ /Users/robertonou/Library/Application Support/Titanium/modules/android/ti.touchid/1.0.0
[DEBUG]  Detected commonjs module: ti.cloud 3.2.10 @ /Users/robertonou/Library/Application Support/Titanium/modules/commonjs/ti.cloud/3.2.10
[DEBUG]  Detected commonjs module: ti.cloud 3.2.11 @ /Users/robertonou/Library/Application Support/Titanium/modules/commonjs/ti.cloud/3.2.11
[DEBUG]  Detected commonjs module: ti.cloud 3.2.2 @ /Users/robertonou/Library/Application Support/Titanium/modules/commonjs/ti.cloud/3.2.2
[DEBUG]  Detected commonjs module: ti.cloud 3.2.3 @ /Users/robertonou/Library/Application Support/Titanium/modules/commonjs/ti.cloud/3.2.3
[DEBUG]  Detected commonjs module: ti.cloud 3.2.5 @ /Users/robertonou/Library/Application Support/Titanium/modules/commonjs/ti.cloud/3.2.5
[DEBUG]  Detected commonjs module: ti.cloud 3.2.7 @ /Users/robertonou/Library/Application Support/Titanium/modules/commonjs/ti.cloud/3.2.7
[DEBUG]  Detected commonjs module: ti.cloud 3.2.8 @ /Users/robertonou/Library/Application Support/Titanium/modules/commonjs/ti.cloud/3.2.8
[DEBUG]  Detected commonjs module: ti.cloud 3.2.9 @ /Users/robertonou/Library/Application Support/Titanium/modules/commonjs/ti.cloud/3.2.9
[DEBUG]  Detected iphone module: com.appcelerator.apm 1.1.1 @ /Users/robertonou/Library/Application Support/Titanium/modules/iphone/com.appcelerator.apm/1.1.1
[DEBUG]  Detected iphone module: com.appcelerator.urlSession 1.0.0 @ /Users/robertonou/Library/Application Support/Titanium/modules/iphone/com.appcelerator.urlSession/1.0.0
[DEBUG]  Detected iphone module: com.appcelerator.urlSession 1.0.1 @ /Users/robertonou/Library/Application Support/Titanium/modules/iphone/com.appcelerator.urlSession/1.0.1
[DEBUG]  Detected iphone module: com.appcelerator.urlSession 1.1.0 @ /Users/robertonou/Library/Application Support/Titanium/modules/iphone/com.appcelerator.urlSession/1.1.0
[DEBUG]  Detected iphone module: com.appcelerator.urlSession 1.1.1 @ /Users/robertonou/Library/Application Support/Titanium/modules/iphone/com.appcelerator.urlSession/1.1.1
[DEBUG]  Detected iphone module: com.appcelerator.urlSession 2.0.0 @ /Users/robertonou/Library/Application Support/Titanium/modules/iphone/com.appcelerator.urlSession/2.0.0
[DEBUG]  Detected iphone module: com.pushwoosh.module 1.0.0 @ /Users/robertonou/Library/Application Support/Titanium/modules/iphone/com.pushwoosh.module/1.0.0
[DEBUG]  Detected iphone module: facebook 3.1.1 @ /Users/robertonou/Library/Application Support/Titanium/modules/iphone/facebook/3.1.1
[DEBUG]  Detected iphone module: facebook 3.2.0 @ /Users/robertonou/Library/Application Support/Titanium/modules/iphone/facebook/3.2.0
[DEBUG]  Detected iphone module: facebook 4.0.3 @ /Users/robertonou/Library/Application Support/Titanium/modules/iphone/facebook/4.0.3
[DEBUG]  Detected iphone module: facebook 4.0.5 @ /Users/robertonou/Library/Application Support/Titanium/modules/iphone/facebook/4.0.5
[DEBUG]  Detected iphone module: facebook 5.0.1 @ /Users/robertonou/Library/Application Support/Titanium/modules/iphone/facebook/5.0.1
[DEBUG]  Detected iphone module: facebook 5.2.7 @ /Users/robertonou/Library/Application Support/Titanium/modules/iphone/facebook/5.2.7
[DEBUG]  Detected iphone module: hyperloop 1.2.7 @ /Users/robertonou/Library/Application Support/Titanium/modules/iphone/hyperloop/1.2.7
[DEBUG]  Detected iphone module: ti.coremotion 1.0.1 @ /Users/robertonou/Library/Application Support/Titanium/modules/iphone/ti.coremotion/1.0.1
[DEBUG]  Detected iphone module: ti.coremotion 1.1.0 @ /Users/robertonou/Library/Application Support/Titanium/modules/iphone/ti.coremotion/1.1.0
[DEBUG]  Detected iphone module: ti.coremotion 2.0.0 @ /Users/robertonou/Library/Application Support/Titanium/modules/iphone/ti.coremotion/2.0.0
[DEBUG]  Detected iphone module: ti.map 2.0.2 @ /Users/robertonou/Library/Application Support/Titanium/modules/iphone/ti.map/2.0.2
[DEBUG]  Detected iphone module: ti.map 2.0.4 @ /Users/robertonou/Library/Application Support/Titanium/modules/iphone/ti.map/2.0.4
[DEBUG]  Detected iphone module: ti.map 2.2.0 @ /Users/robertonou/Library/Application Support/Titanium/modules/iphone/ti.map/2.2.0
[DEBUG]  Detected iphone module: ti.map 2.2.2 @ /Users/robertonou/Library/Application Support/Titanium/modules/iphone/ti.map/2.2.2
[DEBUG]  Detected iphone module: ti.map 2.3.1 @ /Users/robertonou/Library/Application Support/Titanium/modules/iphone/ti.map/2.3.1
[DEBUG]  Detected iphone module: ti.map 2.3.3 @ /Users/robertonou/Library/Application Support/Titanium/modules/iphone/ti.map/2.3.3
[DEBUG]  Detected iphone module: ti.map 2.4.1 @ /Users/robertonou/Library/Application Support/Titanium/modules/iphone/ti.map/2.4.1
[DEBUG]  Detected iphone module: ti.map 2.5.2 @ /Users/robertonou/Library/Application Support/Titanium/modules/iphone/ti.map/2.5.2
[DEBUG]  Detected iphone module: ti.map 2.7.1 @ /Users/robertonou/Library/Application Support/Titanium/modules/iphone/ti.map/2.7.1
[DEBUG]  Detected iphone module: ti.safaridialog 1.0.2 @ /Users/robertonou/Library/Application Support/Titanium/modules/iphone/ti.safaridialog/1.0.2
[DEBUG]  Detected iphone module: ti.safaridialog 1.0.5 @ /Users/robertonou/Library/Application Support/Titanium/modules/iphone/ti.safaridialog/1.0.5
[DEBUG]  Detected iphone module: ti.touchid 1.0 @ /Users/robertonou/Library/Application Support/Titanium/modules/iphone/ti.touchid/1.0
[DEBUG]  Detected iphone module: ti.touchid 1.1.0 @ /Users/robertonou/Library/Application Support/Titanium/modules/iphone/ti.touchid/1.1.0
[DEBUG]  Detected iphone module: ti.touchid 1.2.0 @ /Users/robertonou/Library/Application Support/Titanium/modules/iphone/ti.touchid/1.2.0
[DEBUG]  Detected iphone module: ti.touchid 1.2.2 @ /Users/robertonou/Library/Application Support/Titanium/modules/iphone/ti.touchid/1.2.2
[DEBUG]  Detected tizen module: tizen 3.0.0 @ /Users/robertonou/Library/Application Support/Titanium/modules/tizen/tizen/3.0.0
[DEBUG]  No project level plugins to load
[TRACE]  Snapshotting build directory
[DEBUG]  Titanium SDK Android directory: /Users/robertonou/Library/Application Support/Titanium/mobilesdk/osx/5.3.0.GA/android
[INFO]   Deploy type: test
[INFO]   Building for target: device
[INFO]   Building for device: 04cddac500748f66
[INFO]   Targeting Android SDK API: 23
[INFO]   Building for the following architectures: armeabi, armeabi-v7a, x86
[INFO]   Signing with keystore: /Users/robertonou/Library/Application Support/Titanium/mobilesdk/osx/5.3.0.GA/android/dev_keystore (tidev)
[DEBUG]  App ID: com.betonou.omdb
[DEBUG]  Classname: Omdbfavoritos
[INFO]   Debugging disabled
[INFO]   Profiler disabled
[INFO]   Forcing rebuild: JavaScript files need to be re-encrypted
[TRACE]  offline build file /var/folders/5n/k21chm0s731d05bty9n2z3mw0000gn/T/build-f1a49995d04098e6014685cd2631fe2db112e946.json
[TRACE]  online 1
[TRACE]  sending request {"json":{"username":"betonou@gmail.com","session":"1efb0902be231f339a65003b257ad6ca705c361a rwMlFIPOChtys3Vg3CeY/SBKE4vGU2j3CsfgOuIWRzr/OkqciVNa4Sv31DvKwKrevxvRxGtThpx7eVSefWmHIK4lT293E4HVhQFwXClwTvadgURfMTtCB3NUw8h9WZQVBpTQAw42a6Mznvehjp2H3TeEBtLcp/zXNTS86C/sk5oOOj8Nl9x5FGeaMGHYYeNt+QjJYnAgOtKjalZRAKfV0G30sp7ttwZh9oqVVjuyMyNxtZZkY6PKTcJyx+SK7H6Di+WN1T0Y4zmb8epS9HJqg6slQ5eDcTzdKvhGoI2HDzZ28IcTX+wHR3CcZafFx4tOhUhLUOOWtMaxfgJwjLelbHUivU4o7XzO8JyTOnYKQ640AQs9nvnThmb4kfIJMxDJz2IyTVwo56zwnHo7L/NSJUPdMbMA0rIf1OyB3RPSv5Z6nfwSHE7TNkxSV1brpa5WHsP5vvfnJyU8IINNAGES5UVlpglM5HwGOspNRBEEOc6ScrwvYQ1sKcDYTDWLmvKLcri9gGkuX4UNacrNjEqparnfdvBWOYGvrlnPPGxfBnVyCKjFzajDAcZUJAOZq9vJngljVE3TN6yRcWHuwlvESRIe4oMUKAY38GTbD7MVcGs8HJARFLazxLlmpes6b33PGEoRJNFA4ZWVyRSzlofY1W0x4FOrIZRkzNX3wVfh0f8vKBU5hihH1ZQ395Qdi+CBpUMNQnnd/QTI5i/cSQYyrlHoy5jbsQTb0WXiMlG7ANQjNDgsrKIcnG4CXSNbhUVAGKIKfccRgyELkvoTMXVoGw==","ipaddress":"192.168.25.8","fingerprint":"cc73f7703dcfbc38e29306f569e3316626b84a41","fingerprint_description":"Mac OSX Serial Number: C1MNDKU5DTY3","guid":"e91ee1ec-27ee-41df-9666-fdbf53aba172","appid":"com.betonou.omdb","name":"OMDbFavoritos","org_id":100025054,"deploytype":"test","tiappxml":"<?xml version=\"1.0\" encoding=\"UTF-8\"?>\n<ti:app \n  xmlns:ti=\"http://ti.appcelerator.org\">\n  <id>com.betonou.omdb</id>\n  <name>OMDbFavoritos</name>\n  <version>1.0</version>\n  <publisher>robertonou</publisher>\n  <url/>\n  <description/>\n  <copyright>2016 by robertonou</copyright>\n  <icon>appicon.png</icon>\n  <fullscreen>false</fullscreen>\n  <navbar-hidden>false</navbar-hidden>\n  <analytics>true</analytics>\n  <guid>e91ee1ec-27ee-41df-9666-fdbf53aba172</guid>\n  <property name=\"ti.ui.defaultunit\" type=\"string\">dp</property>\n  <property name=\"run-on-main-thread\" type=\"bool\">***</property>\n  <ios>\n    <enable-launch-screen-storyboard>true</enable-launch-screen-storyboard>\n    <use-app-thinning>true</use-app-thinning>\n    <plist>\n      <dict>\n        <key>UISupportedInterfaceOrientations~iphone</key>\n        <array>\n          <string>UIInterfaceOrientationPortrait</string>\n        </array>\n        <key>UISupportedInterfaceOrientations~ipad</key>\n        <array>\n          <string>UIInterfaceOrientationPortrait</string>\n          <string>UIInterfaceOrientationPortraitUpsideDown</string>\n          <string>UIInterfaceOrientationLandscapeLeft</string>\n          <string>UIInterfaceOrientationLandscapeRight</string>\n        </array>\n        <key>UIRequiresPersistentWiFi</key>\n        <false/>\n        <key>UIPrerenderedIcon</key>\n        <false/>\n        <key>UIStatusBarHidden</key>\n        <false/>\n        <key>UIStatusBarStyle</key>\n        <string>UIStatusBarStyleDefault</string>\n      </dict>\n    </plist>\n  </ios>\n  <android \n    xmlns:android=\"http://schemas.android.com/apk/res/android\"/>\n    <mobileweb>\n      <precache/>\n      <splash>\n        <enabled>true</enabled>\n        <inline-css-images>true</inline-css-images>\n      </splash>\n      <theme>default</theme>\n    </mobileweb>\n    <modules/>\n    <deployment-targets>\n      <target device=\"android\">true</target>\n      <target device=\"ipad\">false</target>\n      <target device=\"iphone\">true</target>\n      <target device=\"mobileweb\">false</target>\n      <target device=\"windows\">false</target>\n    </deployment-targets>\n    <sdk-version>5.3.0.GA</sdk-version>\n    <property name=\"appc-app-id\" type=\"string\">57feee72946304bb4a69435c</property>\n  </ti:app>","modules":[]},"gzip":true,"followAllRedirects":true,"url":"https://security.appcelerator.com/build-verify"}
[TRACE]  result from /build-verify=> {"key":"pXJDrqVRbaZrosTfWZxhXw==","pepper":"cFSK6v8QaA6g/GprV7uStg==","hmacKey":"swIm22hpu3mNZyvTSnATJQ==","o":100025054,"u":"56b0c618-907e-4599-8026-32770db106c6","p":"free","i":"57ff7298f995d709260ee791","success":true}, err=null
[INFO]   JavaScript files need to be encrypted
[DEBUG]  Copying /Users/robertonou/Documents/Appcelerator_Studio_Workspace/OMDbFavoritos/Resources
[WARN]   Overwriting file /Users/robertonou/Documents/Appcelerator_Studio_Workspace/OMDbFavoritos/build/android/bin/assets/Resources/KS_nav_ui.png
[DEBUG]  Symlinking /Users/robertonou/Documents/Appcelerator_Studio_Workspace/OMDbFavoritos/Resources/KS_nav_ui.png => /Users/robertonou/Documents/Appcelerator_Studio_Workspace/OMDbFavoritos/build/android/bin/assets/Resources/KS_nav_ui.png
[WARN]   Overwriting file /Users/robertonou/Documents/Appcelerator_Studio_Workspace/OMDbFavoritos/build/android/bin/assets/Resources/KS_nav_views.png
[DEBUG]  Symlinking /Users/robertonou/Documents/Appcelerator_Studio_Workspace/OMDbFavoritos/Resources/KS_nav_views.png => /Users/robertonou/Documents/Appcelerator_Studio_Workspace/OMDbFavoritos/build/android/bin/assets/Resources/KS_nav_views.png
[DEBUG]  Ignoring /Users/robertonou/Documents/Appcelerator_Studio_Workspace/OMDbFavoritos/Resources/android
[DEBUG]  Ignoring /Users/robertonou/Documents/Appcelerator_Studio_Workspace/OMDbFavoritos/Resources/iphone
[DEBUG]  Copying /Users/robertonou/Documents/Appcelerator_Studio_Workspace/OMDbFavoritos/Resources/android
[DEBUG]  Ignoring /Users/robertonou/Documents/Appcelerator_Studio_Workspace/OMDbFavoritos/Resources/android/.DS_Store
[WARN]   Overwriting file /Users/robertonou/Documents/Appcelerator_Studio_Workspace/OMDbFavoritos/build/android/bin/assets/Resources/appicon.png
[DEBUG]  Symlinking /Users/robertonou/Documents/Appcelerator_Studio_Workspace/OMDbFavoritos/Resources/android/appicon.png => /Users/robertonou/Documents/Appcelerator_Studio_Workspace/OMDbFavoritos/build/android/bin/assets/Resources/appicon.png
[DEBUG]  Symlinking /Users/robertonou/Documents/Appcelerator_Studio_Workspace/OMDbFavoritos/Resources/android/default.png => /Users/robertonou/Documents/Appcelerator_Studio_Workspace/OMDbFavoritos/build/android/res/drawable/background.png
[WARN]   Overwriting file /Users/robertonou/Documents/Appcelerator_Studio_Workspace/OMDbFavoritos/build/android/bin/assets/Resources/images/btn_fav.png
[DEBUG]  Symlinking /Users/robertonou/Documents/Appcelerator_Studio_Workspace/OMDbFavoritos/Resources/android/images/btn_fav.png => /Users/robertonou/Documents/Appcelerator_Studio_Workspace/OMDbFavoritos/build/android/bin/assets/Resources/images/btn_fav.png
[WARN]   Overwriting file /Users/robertonou/Documents/Appcelerator_Studio_Workspace/OMDbFavoritos/build/android/bin/assets/Resources/images/btn_no_fav.png
[DEBUG]  Symlinking /Users/robertonou/Documents/Appcelerator_Studio_Workspace/OMDbFavoritos/Resources/android/images/btn_no_fav.png => /Users/robertonou/Documents/Appcelerator_Studio_Workspace/OMDbFavoritos/build/android/bin/assets/Resources/images/btn_no_fav.png
[WARN]   Overwriting file /Users/robertonou/Documents/Appcelerator_Studio_Workspace/OMDbFavoritos/build/android/bin/assets/Resources/images/icon_menu_busca.png
[DEBUG]  Symlinking /Users/robertonou/Documents/Appcelerator_Studio_Workspace/OMDbFavoritos/Resources/android/images/icon_menu_busca.png => /Users/robertonou/Documents/Appcelerator_Studio_Workspace/OMDbFavoritos/build/android/bin/assets/Resources/images/icon_menu_busca.png
[WARN]   Overwriting file /Users/robertonou/Documents/Appcelerator_Studio_Workspace/OMDbFavoritos/build/android/bin/assets/Resources/images/icon_menu_fav.png
[DEBUG]  Symlinking /Users/robertonou/Documents/Appcelerator_Studio_Workspace/OMDbFavoritos/Resources/android/images/icon_menu_fav.png => /Users/robertonou/Documents/Appcelerator_Studio_Workspace/OMDbFavoritos/build/android/bin/assets/Resources/images/icon_menu_fav.png
[WARN]   Overwriting file /Users/robertonou/Documents/Appcelerator_Studio_Workspace/OMDbFavoritos/build/android/bin/assets/Resources/images/img.png
[DEBUG]  Symlinking /Users/robertonou/Documents/Appcelerator_Studio_Workspace/OMDbFavoritos/Resources/android/images/img.png => /Users/robertonou/Documents/Appcelerator_Studio_Workspace/OMDbFavoritos/build/android/bin/assets/Resources/images/img.png
[WARN]   Overwriting file /Users/robertonou/Documents/Appcelerator_Studio_Workspace/OMDbFavoritos/build/android/bin/assets/Resources/images/logo.png
[DEBUG]  Symlinking /Users/robertonou/Documents/Appcelerator_Studio_Workspace/OMDbFavoritos/Resources/android/images/logo.png => /Users/robertonou/Documents/Appcelerator_Studio_Workspace/OMDbFavoritos/build/android/bin/assets/Resources/images/logo.png
[WARN]   Overwriting file /Users/robertonou/Documents/Appcelerator_Studio_Workspace/OMDbFavoritos/build/android/bin/assets/Resources/images/logo_color.png
[DEBUG]  Symlinking /Users/robertonou/Documents/Appcelerator_Studio_Workspace/OMDbFavoritos/Resources/android/images/logo_color.png => /Users/robertonou/Documents/Appcelerator_Studio_Workspace/OMDbFavoritos/build/android/bin/assets/Resources/images/logo_color.png
[DEBUG]  Symlinking /Users/robertonou/Documents/Appcelerator_Studio_Workspace/OMDbFavoritos/Resources/android/images/res-long-land-hdpi/default.png => /Users/robertonou/Documents/Appcelerator_Studio_Workspace/OMDbFavoritos/build/android/res/drawable-long-land-hdpi/background.png
[DEBUG]  Symlinking /Users/robertonou/Documents/Appcelerator_Studio_Workspace/OMDbFavoritos/Resources/android/images/res-long-land-ldpi/default.png => /Users/robertonou/Documents/Appcelerator_Studio_Workspace/OMDbFavoritos/build/android/res/drawable-long-land-ldpi/background.png
[DEBUG]  Symlinking /Users/robertonou/Documents/Appcelerator_Studio_Workspace/OMDbFavoritos/Resources/android/images/res-long-port-hdpi/default.png => /Users/robertonou/Documents/Appcelerator_Studio_Workspace/OMDbFavoritos/build/android/res/drawable-long-port-hdpi/background.png
[DEBUG]  Symlinking /Users/robertonou/Documents/Appcelerator_Studio_Workspace/OMDbFavoritos/Resources/android/images/res-long-port-ldpi/default.png => /Users/robertonou/Documents/Appcelerator_Studio_Workspace/OMDbFavoritos/build/android/res/drawable-long-port-ldpi/background.png
[DEBUG]  Symlinking /Users/robertonou/Documents/Appcelerator_Studio_Workspace/OMDbFavoritos/Resources/android/images/res-notlong-land-hdpi/default.png => /Users/robertonou/Documents/Appcelerator_Studio_Workspace/OMDbFavoritos/build/android/res/drawable-notlong-land-hdpi/background.png
[DEBUG]  Symlinking /Users/robertonou/Documents/Appcelerator_Studio_Workspace/OMDbFavoritos/Resources/android/images/res-notlong-land-ldpi/default.png => /Users/robertonou/Documents/Appcelerator_Studio_Workspace/OMDbFavoritos/build/android/res/drawable-notlong-land-ldpi/background.png
[DEBUG]  Symlinking /Users/robertonou/Documents/Appcelerator_Studio_Workspace/OMDbFavoritos/Resources/android/images/res-notlong-land-mdpi/default.png => /Users/robertonou/Documents/Appcelerator_Studio_Workspace/OMDbFavoritos/build/android/res/drawable-notlong-land-mdpi/background.png
[DEBUG]  Symlinking /Users/robertonou/Documents/Appcelerator_Studio_Workspace/OMDbFavoritos/Resources/android/images/res-notlong-port-hdpi/default.png => /Users/robertonou/Documents/Appcelerator_Studio_Workspace/OMDbFavoritos/build/android/res/drawable-notlong-port-hdpi/background.png
[DEBUG]  Symlinking /Users/robertonou/Documents/Appcelerator_Studio_Workspace/OMDbFavoritos/Resources/android/images/res-notlong-port-ldpi/default.png => /Users/robertonou/Documents/Appcelerator_Studio_Workspace/OMDbFavoritos/build/android/res/drawable-notlong-port-ldpi/background.png
[DEBUG]  Symlinking /Users/robertonou/Documents/Appcelerator_Studio_Workspace/OMDbFavoritos/Resources/android/images/res-notlong-port-mdpi/default.png => /Users/robertonou/Documents/Appcelerator_Studio_Workspace/OMDbFavoritos/build/android/res/drawable-notlong-port-mdpi/background.png
[DEBUG]  Symlinking /Users/robertonou/Documents/Appcelerator_Studio_Workspace/OMDbFavoritos/build/android/bin/assets/Resources/appicon.png => /Users/robertonou/Documents/Appcelerator_Studio_Workspace/OMDbFavoritos/build/android/res/drawable/appicon.png
[INFO]   Processing JavaScript files
[DEBUG]  Symlinking /Users/robertonou/Documents/Appcelerator_Studio_Workspace/OMDbFavoritos/Resources/app.js => /Users/robertonou/Documents/Appcelerator_Studio_Workspace/OMDbFavoritos/build/android/assets/app.js
[DEBUG]  Symlinking /Users/robertonou/Documents/Appcelerator_Studio_Workspace/OMDbFavoritos/Resources/ui/common/Busca.js => /Users/robertonou/Documents/Appcelerator_Studio_Workspace/OMDbFavoritos/build/android/assets/ui/common/Busca.js
[DEBUG]  Symlinking /Users/robertonou/Documents/Appcelerator_Studio_Workspace/OMDbFavoritos/Resources/ui/common/FirstView.js => /Users/robertonou/Documents/Appcelerator_Studio_Workspace/OMDbFavoritos/build/android/assets/ui/common/FirstView.js
[DEBUG]  Symlinking /Users/robertonou/Documents/Appcelerator_Studio_Workspace/OMDbFavoritos/Resources/ui/common/IndicadorAtividade.js => /Users/robertonou/Documents/Appcelerator_Studio_Workspace/OMDbFavoritos/build/android/assets/ui/common/IndicadorAtividade.js
[DEBUG]  Symlinking /Users/robertonou/Documents/Appcelerator_Studio_Workspace/OMDbFavoritos/Resources/ui/common/ListViewBusca.js => /Users/robertonou/Documents/Appcelerator_Studio_Workspace/OMDbFavoritos/build/android/assets/ui/common/ListViewBusca.js
[DEBUG]  Symlinking /Users/robertonou/Documents/Appcelerator_Studio_Workspace/OMDbFavoritos/Resources/ui/common/ListViewFavoritos.js => /Users/robertonou/Documents/Appcelerator_Studio_Workspace/OMDbFavoritos/build/android/assets/ui/common/ListViewFavoritos.js
[DEBUG]  Symlinking /Users/robertonou/Documents/Appcelerator_Studio_Workspace/OMDbFavoritos/Resources/ui/common/TemplateBusca.js => /Users/robertonou/Documents/Appcelerator_Studio_Workspace/OMDbFavoritos/build/android/assets/ui/common/TemplateBusca.js
[DEBUG]  Symlinking /Users/robertonou/Documents/Appcelerator_Studio_Workspace/OMDbFavoritos/Resources/ui/common/TemplateFavoritos.js => /Users/robertonou/Documents/Appcelerator_Studio_Workspace/OMDbFavoritos/build/android/assets/ui/common/TemplateFavoritos.js
[DEBUG]  Symlinking /Users/robertonou/Documents/Appcelerator_Studio_Workspace/OMDbFavoritos/Resources/ui/common/arquivo.js => /Users/robertonou/Documents/Appcelerator_Studio_Workspace/OMDbFavoritos/build/android/assets/ui/common/arquivo.js
[DEBUG]  Symlinking /Users/robertonou/Documents/Appcelerator_Studio_Workspace/OMDbFavoritos/Resources/ui/common/getFavoritos.js => /Users/robertonou/Documents/Appcelerator_Studio_Workspace/OMDbFavoritos/build/android/assets/ui/common/getFavoritos.js
[DEBUG]  Symlinking /Users/robertonou/Documents/Appcelerator_Studio_Workspace/OMDbFavoritos/Resources/ui/handheld/ApplicationWindow.js => /Users/robertonou/Documents/Appcelerator_Studio_Workspace/OMDbFavoritos/build/android/assets/ui/handheld/ApplicationWindow.js
[DEBUG]  Symlinking /Users/robertonou/Documents/Appcelerator_Studio_Workspace/OMDbFavoritos/Resources/ui/handheld/android/ApplicationWindow.js => /Users/robertonou/Documents/Appcelerator_Studio_Workspace/OMDbFavoritos/build/android/assets/ui/handheld/android/ApplicationWindow.js
[DEBUG]  Symlinking /Users/robertonou/Documents/Appcelerator_Studio_Workspace/OMDbFavoritos/Resources/ui/tablet/ApplicationWindow.js => /Users/robertonou/Documents/Appcelerator_Studio_Workspace/OMDbFavoritos/build/android/assets/ui/tablet/ApplicationWindow.js
[INFO]   Encrypting JavaScript files: /Users/robertonou/Library/Application Support/Titanium/mobilesdk/osx/5.3.0.GA/android/titanium_prep.macos "com.betonou.omdb" "/Users/robertonou/Documents/Appcelerator_Studio_Workspace/OMDbFavoritos/build/android/assets" "app.js" "ui/common/Busca.js" "ui/common/FirstView.js" "ui/common/IndicadorAtividade.js" "ui/common/ListViewBusca.js" "ui/common/ListViewFavoritos.js" "ui/common/TemplateBusca.js" "ui/common/TemplateFavoritos.js" "ui/common/arquivo.js" "ui/common/getFavoritos.js" "ui/handheld/ApplicationWindow.js" "ui/handheld/android/ApplicationWindow.js" "ui/tablet/ApplicationWindow.js" "_app_props_.json"
[DEBUG]  Adding library /Users/robertonou/Library/Application Support/Titanium/mobilesdk/osx/5.3.0.GA/android/kroll-v8.jar
[DEBUG]  Adding library /Users/robertonou/Library/Application Support/Titanium/mobilesdk/osx/5.3.0.GA/android/modules/titanium-analytics.jar
[DEBUG]  Adding dependency library /Users/robertonou/Library/Application Support/Titanium/mobilesdk/osx/5.3.0.GA/android/aps-analytics.jar
[DEBUG]  Adding library /Users/robertonou/Library/Application Support/Titanium/mobilesdk/osx/5.3.0.GA/android/modules/titanium-android.jar
[DEBUG]  Adding dependency library /Users/robertonou/Library/Application Support/Titanium/mobilesdk/osx/5.3.0.GA/android/jaxen-1.1.1.jar
[DEBUG]  Adding dependency library /Users/robertonou/Library/Application Support/Titanium/mobilesdk/osx/5.3.0.GA/android/ti-commons-codec-1.3.jar
[DEBUG]  Adding dependency library /Users/robertonou/Library/Application Support/Titanium/mobilesdk/osx/5.3.0.GA/android/kroll-common.jar
[DEBUG]  Adding dependency library /Users/robertonou/Library/Application Support/Titanium/mobilesdk/osx/5.3.0.GA/android/titanium.jar
[DEBUG]  Adding library /Users/robertonou/Library/Application Support/Titanium/mobilesdk/osx/5.3.0.GA/android/modules/titanium-app.jar
[DEBUG]  Adding library /Users/robertonou/Library/Application Support/Titanium/mobilesdk/osx/5.3.0.GA/android/modules/titanium-ui.jar
[DEBUG]  Adding dependency library /Users/robertonou/Library/Application Support/Titanium/mobilesdk/osx/5.3.0.GA/android/nineoldandroids-appc-2.4.0.jar
[DEBUG]  Adding library /Users/robertonou/Library/Application Support/Titanium/mobilesdk/osx/5.3.0.GA/android/modules/titanium-filesystem.jar
[DEBUG]  Adding library /Users/robertonou/Library/Application Support/Titanium/mobilesdk/osx/5.3.0.GA/android/modules/titanium-media.jar
[DEBUG]  Adding library /Users/robertonou/Library/Application Support/Titanium/mobilesdk/osx/5.3.0.GA/android/modules/titanium-appcompat.jar
[DEBUG]  Adding dependency library /Users/robertonou/Library/Application Support/Titanium/mobilesdk/osx/5.3.0.GA/android/android-support-v4.jar
[DEBUG]  Adding dependency library /Users/robertonou/Library/Application Support/Titanium/mobilesdk/osx/5.3.0.GA/android/android-support-v7-appcompat.jar
[DEBUG]  Adding library /Users/robertonou/Library/Application Support/Titanium/mobilesdk/osx/5.3.0.GA/android/modules/titanium-cardview.jar
[DEBUG]  Adding dependency library /Users/robertonou/Library/Application Support/Titanium/mobilesdk/osx/5.3.0.GA/android/cardview-v7-23.0.1.jar
[DEBUG]  Adding library /Users/robertonou/Library/Application Support/Titanium/mobilesdk/osx/5.3.0.GA/android/modules/titanium-locale.jar
[DEBUG]  Adding library /Users/robertonou/Library/Application Support/Titanium/mobilesdk/osx/5.3.0.GA/android/modules/titanium-network.jar
[DEBUG]  Adding library /Users/robertonou/Library/Application Support/Titanium/mobilesdk/osx/5.3.0.GA/android/modules/titanium-xml.jar
[DEBUG]  Adding library /Users/robertonou/Library/Application Support/Titanium/mobilesdk/osx/5.3.0.GA/android/modules/titanium-platform.jar
[DEBUG]  Unknown namespace platform.displaycaps, skipping
[DEBUG]  Unknown namespace api, skipping
[DEBUG]  Unknown namespace ui.iphone.activityindicatorstyle, skipping
[DEBUG]  Unknown namespace ui.iphone, skipping
[INFO]   Writing /Users/robertonou/Documents/Appcelerator_Studio_Workspace/OMDbFavoritos/build/android/bin/assets/app.json
[INFO]   Extracting module resources: /Users/robertonou/Library/Application Support/Titanium/mobilesdk/osx/5.3.0.GA/android/modules/titanium-analytics.res.zip
[DEBUG]  Copying /var/folders/5n/k21chm0s731d05bty9n2z3mw0000gn/T/116913-17725-n2l4lv/res/values/strings.xml => /Users/robertonou/Documents/Appcelerator_Studio_Workspace/OMDbFavoritos/build/android/res/values/strings.xml
[INFO]   Extracting module resources: /Users/robertonou/Library/Application Support/Titanium/mobilesdk/osx/5.3.0.GA/android/modules/titanium-android.res.zip
[DEBUG]  Merging /var/folders/5n/k21chm0s731d05bty9n2z3mw0000gn/T/116913-17725-t1b31i/res/values/strings.xml => /Users/robertonou/Documents/Appcelerator_Studio_Workspace/OMDbFavoritos/build/android/res/values/strings.xml
[INFO]   Extracting module resources: /Users/robertonou/Library/Application Support/Titanium/mobilesdk/osx/5.3.0.GA/android/modules/titanium-app.res.zip
[DEBUG]  Merging /var/folders/5n/k21chm0s731d05bty9n2z3mw0000gn/T/116913-17725-voqyh0/res/values/strings.xml => /Users/robertonou/Documents/Appcelerator_Studio_Workspace/OMDbFavoritos/build/android/res/values/strings.xml
[INFO]   Extracting module resources: /Users/robertonou/Library/Application Support/Titanium/mobilesdk/osx/5.3.0.GA/android/modules/titanium-filesystem.res.zip
[DEBUG]  Merging /var/folders/5n/k21chm0s731d05bty9n2z3mw0000gn/T/116913-17725-sm78ff/res/values/strings.xml => /Users/robertonou/Documents/Appcelerator_Studio_Workspace/OMDbFavoritos/build/android/res/values/strings.xml
[INFO]   Extracting module resources: /Users/robertonou/Library/Application Support/Titanium/mobilesdk/osx/5.3.0.GA/android/modules/titanium-media.res.zip
[DEBUG]  Merging /var/folders/5n/k21chm0s731d05bty9n2z3mw0000gn/T/116913-17725-1g66fyz/res/values/strings.xml => /Users/robertonou/Documents/Appcelerator_Studio_Workspace/OMDbFavoritos/build/android/res/values/strings.xml
[INFO]   Extracting module resources: /Users/robertonou/Library/Application Support/Titanium/mobilesdk/osx/5.3.0.GA/android/modules/titanium-locale.res.zip
[DEBUG]  Merging /var/folders/5n/k21chm0s731d05bty9n2z3mw0000gn/T/116913-17725-1m3gkef/res/values/strings.xml => /Users/robertonou/Documents/Appcelerator_Studio_Workspace/OMDbFavoritos/build/android/res/values/strings.xml
[INFO]   Extracting module resources: /Users/robertonou/Library/Application Support/Titanium/mobilesdk/osx/5.3.0.GA/android/modules/titanium-network.res.zip
[DEBUG]  Merging /var/folders/5n/k21chm0s731d05bty9n2z3mw0000gn/T/116913-17725-1d8346o/res/values/strings.xml => /Users/robertonou/Documents/Appcelerator_Studio_Workspace/OMDbFavoritos/build/android/res/values/strings.xml
[INFO]   Extracting module resources: /Users/robertonou/Library/Application Support/Titanium/mobilesdk/osx/5.3.0.GA/android/modules/titanium-xml.res.zip
[DEBUG]  Merging /var/folders/5n/k21chm0s731d05bty9n2z3mw0000gn/T/116913-17725-1rcbkrr/res/values/strings.xml => /Users/robertonou/Documents/Appcelerator_Studio_Workspace/OMDbFavoritos/build/android/res/values/strings.xml
[INFO]   Extracting module resources: /Users/robertonou/Library/Application Support/Titanium/mobilesdk/osx/5.3.0.GA/android/modules/titanium-platform.res.zip
[DEBUG]  Merging /var/folders/5n/k21chm0s731d05bty9n2z3mw0000gn/T/116913-17725-10sj45t/res/values/strings.xml => /Users/robertonou/Documents/Appcelerator_Studio_Workspace/OMDbFavoritos/build/android/res/values/strings.xml
[DEBUG]  Removing old file: /Users/robertonou/Documents/Appcelerator_Studio_Workspace/OMDbFavoritos/build/android/.classpath
[DEBUG]  Removing old file: /Users/robertonou/Documents/Appcelerator_Studio_Workspace/OMDbFavoritos/build/android/.gitignore
[DEBUG]  Removing old file: /Users/robertonou/Documents/Appcelerator_Studio_Workspace/OMDbFavoritos/build/android/.project
[DEBUG]  Removing old file: /Users/robertonou/Documents/Appcelerator_Studio_Workspace/OMDbFavoritos/build/android/AndroidManifest.xml
[DEBUG]  Removing old file: /Users/robertonou/Documents/Appcelerator_Studio_Workspace/OMDbFavoritos/build/android/default.properties
[DEBUG]  Removing old file: /Users/robertonou/Documents/Appcelerator_Studio_Workspace/OMDbFavoritos/build/android/java-sources.txt
[DEBUG]  Copying template /Users/robertonou/Library/Application Support/Titanium/mobilesdk/osx/5.3.0.GA/android/templates/build/AppInfo.java => /Users/robertonou/Documents/Appcelerator_Studio_Workspace/OMDbFavoritos/build/android/gen/com/betonou/omdb/OmdbfavoritosAppInfo.java
[DEBUG]  Copying template /Users/robertonou/Library/Application Support/Titanium/mobilesdk/osx/5.3.0.GA/android/templates/build/App.java => /Users/robertonou/Documents/Appcelerator_Studio_Workspace/OMDbFavoritos/build/android/gen/com/betonou/omdb/OmdbfavoritosApplication.java
[DEBUG]  Copying template /Users/robertonou/Library/Application Support/Titanium/mobilesdk/osx/5.3.0.GA/android/templates/build/Activity.java => /Users/robertonou/Documents/Appcelerator_Studio_Workspace/OMDbFavoritos/build/android/gen/com/betonou/omdb/OmdbfavoritosActivity.java
[DEBUG]  Copying template /Users/robertonou/Library/Application Support/Titanium/mobilesdk/osx/5.3.0.GA/android/templates/build/project => /Users/robertonou/Documents/Appcelerator_Studio_Workspace/OMDbFavoritos/build/android/.project
[DEBUG]  Copying template /Users/robertonou/Library/Application Support/Titanium/mobilesdk/osx/5.3.0.GA/android/templates/build/default.properties => /Users/robertonou/Documents/Appcelerator_Studio_Workspace/OMDbFavoritos/build/android/default.properties
[DEBUG]  Copying /Users/robertonou/Library/Application Support/Titanium/mobilesdk/osx/5.3.0.GA/android/templates/build/gitignore => /Users/robertonou/Documents/Appcelerator_Studio_Workspace/OMDbFavoritos/build/android/.gitignore
[DEBUG]  Copying /Users/robertonou/Library/Application Support/Titanium/mobilesdk/osx/5.3.0.GA/android/templates/build/classpath => /Users/robertonou/Documents/Appcelerator_Studio_Workspace/OMDbFavoritos/build/android/.classpath
[INFO]   No aidl files to compile, continuing
[INFO]   Generating i18n files
[DEBUG]  Compiling localization files
[DEBUG]  Processing i18n file: en/strings.xml
[DEBUG]  Processing i18n file: ja/strings.xml
[DEBUG]  Merging en strings => /Users/robertonou/Documents/Appcelerator_Studio_Workspace/OMDbFavoritos/build/android/res/values/strings.xml
[DEBUG]  Writing ja strings => /Users/robertonou/Documents/Appcelerator_Studio_Workspace/OMDbFavoritos/build/android/res/values-ja/strings.xml
[INFO]   Generating /Users/robertonou/Documents/Appcelerator_Studio_Workspace/OMDbFavoritos/build/android/res/values/theme.xml
[INFO]   Packaging application: /Applications/android-sdk-macosx/build-tools/23.0.1/aapt "package" "-f" "-m" "-J" "/Users/robertonou/Documents/Appcelerator_Studio_Workspace/OMDbFavoritos/build/android/gen" "-M" "/Users/robertonou/Documents/Appcelerator_Studio_Workspace/OMDbFavoritos/build/android/AndroidManifest.xml" "-A" "/Users/robertonou/Documents/Appcelerator_Studio_Workspace/OMDbFavoritos/build/android/bin/assets" "-S" "/Users/robertonou/Documents/Appcelerator_Studio_Workspace/OMDbFavoritos/build/android/res" "-I" "/Applications/android-sdk-macosx/platforms/android-23/android.jar" "-F" "/Users/robertonou/Documents/Appcelerator_Studio_Workspace/OMDbFavoritos/build/android/bin/app.ap_" "--auto-add-overlay" "--extra-packages" "ti.modules.titanium.ui:android.support.v7.appcompat:android.support.v7.cardview" "-S" "/var/folders/5n/k21chm0s731d05bty9n2z3mw0000gn/T/116913-17725-nkttbm/res" "-S" "/var/folders/5n/k21chm0s731d05bty9n2z3mw0000gn/T/116913-17725-12zj8c/res" "-S" "/var/folders/5n/k21chm0s731d05bty9n2z3mw0000gn/T/116913-17725-1u7ods0/res"
[INFO]   Building Java source files: /Library/Java/JavaVirtualMachines/jdk1.8.0_102.jdk/Contents/Home/bin/javac "-J-Xmx1024M" "-encoding" "utf8" "-bootclasspath" "/Applications/android-sdk-macosx/platforms/android-23/android.jar:/Users/robertonou/Library/Application Support/Titanium/mobilesdk/osx/5.3.0.GA/android/kroll-v8.jar:/Users/robertonou/Library/Application Support/Titanium/mobilesdk/osx/5.3.0.GA/android/modules/titanium-analytics.jar:/Users/robertonou/Library/Application Support/Titanium/mobilesdk/osx/5.3.0.GA/android/aps-analytics.jar:/Users/robertonou/Library/Application Support/Titanium/mobilesdk/osx/5.3.0.GA/android/modules/titanium-android.jar:/Users/robertonou/Library/Application Support/Titanium/mobilesdk/osx/5.3.0.GA/android/jaxen-1.1.1.jar:/Users/robertonou/Library/Application Support/Titanium/mobilesdk/osx/5.3.0.GA/android/ti-commons-codec-1.3.jar:/Users/robertonou/Library/Application Support/Titanium/mobilesdk/osx/5.3.0.GA/android/kroll-common.jar:/Users/robertonou/Library/Application Support/Titanium/mobilesdk/osx/5.3.0.GA/android/titanium.jar:/Users/robertonou/Library/Application Support/Titanium/mobilesdk/osx/5.3.0.GA/android/modules/titanium-app.jar:/Users/robertonou/Library/Application Support/Titanium/mobilesdk/osx/5.3.0.GA/android/modules/titanium-ui.jar:/Users/robertonou/Library/Application Support/Titanium/mobilesdk/osx/5.3.0.GA/android/nineoldandroids-appc-2.4.0.jar:/Users/robertonou/Library/Application Support/Titanium/mobilesdk/osx/5.3.0.GA/android/modules/titanium-filesystem.jar:/Users/robertonou/Library/Application Support/Titanium/mobilesdk/osx/5.3.0.GA/android/modules/titanium-media.jar:/Users/robertonou/Library/Application Support/Titanium/mobilesdk/osx/5.3.0.GA/android/modules/titanium-appcompat.jar:/Users/robertonou/Library/Application Support/Titanium/mobilesdk/osx/5.3.0.GA/android/android-support-v4.jar:/Users/robertonou/Library/Application Support/Titanium/mobilesdk/osx/5.3.0.GA/android/android-support-v7-appcompat.jar:/Users/robertonou/Library/Application Support/Titanium/mobilesdk/osx/5.3.0.GA/android/modules/titanium-cardview.jar:/Users/robertonou/Library/Application Support/Titanium/mobilesdk/osx/5.3.0.GA/android/cardview-v7-23.0.1.jar:/Users/robertonou/Library/Application Support/Titanium/mobilesdk/osx/5.3.0.GA/android/modules/titanium-locale.jar:/Users/robertonou/Library/Application Support/Titanium/mobilesdk/osx/5.3.0.GA/android/modules/titanium-network.jar:/Users/robertonou/Library/Application Support/Titanium/mobilesdk/osx/5.3.0.GA/android/modules/titanium-xml.jar:/Users/robertonou/Library/Application Support/Titanium/mobilesdk/osx/5.3.0.GA/android/modules/titanium-platform.jar:/Users/robertonou/Library/Application Support/Titanium/mobilesdk/osx/5.3.0.GA/android/lib/titanium-verify.jar:R.class:AssetCryptImpl.class:OmdbfavoritosActivity.class:OmdbfavoritosAppInfo.class:OmdbfavoritosApplication.class" "-d" "/Users/robertonou/Documents/Appcelerator_Studio_Workspace/OMDbFavoritos/build/android/bin/classes" "-proc:none" "-target" "1.6" "-source" "1.6" "@/Users/robertonou/Documents/Appcelerator_Studio_Workspace/OMDbFavoritos/build/android/java-sources.txt"
[INFO]   Running dexer: /Library/Java/JavaVirtualMachines/jdk1.8.0_102.jdk/Contents/Home/bin/java "-Xmx1024M" "-XX:-UseGCOverheadLimit" "-Djava.ext.dirs=/Applications/android-sdk-macosx/platform-tools" "-jar" "/Applications/android-sdk-macosx/build-tools/23.0.1/lib/dx.jar" "--dex" "--output=/Users/robertonou/Documents/Appcelerator_Studio_Workspace/OMDbFavoritos/build/android/bin/classes.dex" "/Users/robertonou/Documents/Appcelerator_Studio_Workspace/OMDbFavoritos/build/android/bin/classes" "/Users/robertonou/Library/Application Support/Titanium/mobilesdk/osx/5.3.0.GA/android/lib/titanium-verify.jar" "/Users/robertonou/Library/Application Support/Titanium/mobilesdk/osx/5.3.0.GA/android/kroll-v8.jar" "/Users/robertonou/Library/Application Support/Titanium/mobilesdk/osx/5.3.0.GA/android/modules/titanium-analytics.jar" "/Users/robertonou/Library/Application Support/Titanium/mobilesdk/osx/5.3.0.GA/android/aps-analytics.jar" "/Users/robertonou/Library/Application Support/Titanium/mobilesdk/osx/5.3.0.GA/android/modules/titanium-android.jar" "/Users/robertonou/Library/Application Support/Titanium/mobilesdk/osx/5.3.0.GA/android/jaxen-1.1.1.jar" "/Users/robertonou/Library/Application Support/Titanium/mobilesdk/osx/5.3.0.GA/android/ti-commons-codec-1.3.jar" "/Users/robertonou/Library/Application Support/Titanium/mobilesdk/osx/5.3.0.GA/android/kroll-common.jar" "/Users/robertonou/Library/Application Support/Titanium/mobilesdk/osx/5.3.0.GA/android/titanium.jar" "/Users/robertonou/Library/Application Support/Titanium/mobilesdk/osx/5.3.0.GA/android/modules/titanium-app.jar" "/Users/robertonou/Library/Application Support/Titanium/mobilesdk/osx/5.3.0.GA/android/modules/titanium-ui.jar" "/Users/robertonou/Library/Application Support/Titanium/mobilesdk/osx/5.3.0.GA/android/nineoldandroids-appc-2.4.0.jar" "/Users/robertonou/Library/Application Support/Titanium/mobilesdk/osx/5.3.0.GA/android/modules/titanium-filesystem.jar" "/Users/robertonou/Library/Application Support/Titanium/mobilesdk/osx/5.3.0.GA/android/modules/titanium-media.jar" "/Users/robertonou/Library/Application Support/Titanium/mobilesdk/osx/5.3.0.GA/android/modules/titanium-appcompat.jar" "/Users/robertonou/Library/Application Support/Titanium/mobilesdk/osx/5.3.0.GA/android/android-support-v4.jar" "/Users/robertonou/Library/Application Support/Titanium/mobilesdk/osx/5.3.0.GA/android/android-support-v7-appcompat.jar" "/Users/robertonou/Library/Application Support/Titanium/mobilesdk/osx/5.3.0.GA/android/modules/titanium-cardview.jar" "/Users/robertonou/Library/Application Support/Titanium/mobilesdk/osx/5.3.0.GA/android/cardview-v7-23.0.1.jar" "/Users/robertonou/Library/Application Support/Titanium/mobilesdk/osx/5.3.0.GA/android/modules/titanium-locale.jar" "/Users/robertonou/Library/Application Support/Titanium/mobilesdk/osx/5.3.0.GA/android/modules/titanium-network.jar" "/Users/robertonou/Library/Application Support/Titanium/mobilesdk/osx/5.3.0.GA/android/modules/titanium-xml.jar" "/Users/robertonou/Library/Application Support/Titanium/mobilesdk/osx/5.3.0.GA/android/modules/titanium-platform.jar"
[INFO]   Creating unsigned apk
[DEBUG]  Processing /Users/robertonou/Documents/Appcelerator_Studio_Workspace/OMDbFavoritos/build/android/bin/app.ap_
[DEBUG]  Deflating AndroidManifest.xml
[DEBUG]  Adding assets/Resources/KS_nav_ui.png
[DEBUG]  Adding assets/Resources/KS_nav_views.png
[DEBUG]  Adding assets/Resources/appicon.png
[DEBUG]  Adding assets/Resources/images/btn_fav.png
[DEBUG]  Adding assets/Resources/images/btn_no_fav.png
[DEBUG]  Adding assets/Resources/images/icon_menu_busca.png
[DEBUG]  Adding assets/Resources/images/icon_menu_fav.png
[DEBUG]  Adding assets/Resources/images/img.png
[DEBUG]  Adding assets/Resources/images/logo.png
[DEBUG]  Adding assets/Resources/images/logo_color.png
[DEBUG]  Deflating assets/app.json
[DEBUG]  Deflating assets/index.json
[DEBUG]  Deflating res/anim/abc_fade_in.xml
[DEBUG]  Deflating res/anim/abc_fade_out.xml
[DEBUG]  Deflating res/anim/abc_grow_fade_in_from_bottom.xml
[DEBUG]  Deflating res/anim/abc_popup_enter.xml
[DEBUG]  Deflating res/anim/abc_popup_exit.xml
[DEBUG]  Deflating res/anim/abc_shrink_fade_out_from_bottom.xml
[DEBUG]  Deflating res/anim/abc_slide_in_bottom.xml
[DEBUG]  Deflating res/anim/abc_slide_in_top.xml
[DEBUG]  Deflating res/anim/abc_slide_out_bottom.xml
[DEBUG]  Deflating res/anim/abc_slide_out_top.xml
[DEBUG]  Deflating res/color-v11/abc_background_cache_hint_selector_material_dark.xml
[DEBUG]  Deflating res/color-v11/abc_background_cache_hint_selector_material_light.xml
[DEBUG]  Deflating res/color-v23/abc_color_highlight_material.xml
[DEBUG]  Deflating res/color/abc_background_cache_hint_selector_material_dark.xml
[DEBUG]  Deflating res/color/abc_background_cache_hint_selector_material_light.xml
[DEBUG]  Deflating res/color/abc_primary_text_disable_only_material_dark.xml
[DEBUG]  Deflating res/color/abc_primary_text_disable_only_material_light.xml
[DEBUG]  Deflating res/color/abc_primary_text_material_dark.xml
[DEBUG]  Deflating res/color/abc_primary_text_material_light.xml
[DEBUG]  Deflating res/color/abc_search_url_text.xml
[DEBUG]  Deflating res/color/abc_secondary_text_material_dark.xml
[DEBUG]  Deflating res/color/abc_secondary_text_material_light.xml
[DEBUG]  Deflating res/color/switch_thumb_material_dark.xml
[DEBUG]  Deflating res/color/switch_thumb_material_light.xml
[DEBUG]  Adding res/drawable-hdpi-v4/abc_ab_share_pack_mtrl_alpha.9.png
[DEBUG]  Adding res/drawable-hdpi-v4/abc_btn_check_to_on_mtrl_000.png
[DEBUG]  Adding res/drawable-hdpi-v4/abc_btn_check_to_on_mtrl_015.png
[DEBUG]  Adding res/drawable-hdpi-v4/abc_btn_radio_to_on_mtrl_000.png
[DEBUG]  Adding res/drawable-hdpi-v4/abc_btn_radio_to_on_mtrl_015.png
[DEBUG]  Adding res/drawable-hdpi-v4/abc_btn_rating_star_off_mtrl_alpha.png
[DEBUG]  Adding res/drawable-hdpi-v4/abc_btn_rating_star_on_mtrl_alpha.png
[DEBUG]  Adding res/drawable-hdpi-v4/abc_btn_switch_to_on_mtrl_00001.9.png
[DEBUG]  Adding res/drawable-hdpi-v4/abc_btn_switch_to_on_mtrl_00012.9.png
[DEBUG]  Adding res/drawable-hdpi-v4/abc_cab_background_top_mtrl_alpha.9.png
[DEBUG]  Adding res/drawable-hdpi-v4/abc_ic_ab_back_mtrl_am_alpha.png
[DEBUG]  Adding res/drawable-hdpi-v4/abc_ic_clear_mtrl_alpha.png
[DEBUG]  Adding res/drawable-hdpi-v4/abc_ic_commit_search_api_mtrl_alpha.png
[DEBUG]  Adding res/drawable-hdpi-v4/abc_ic_go_search_api_mtrl_alpha.png
[DEBUG]  Adding res/drawable-hdpi-v4/abc_ic_menu_copy_mtrl_am_alpha.png
[DEBUG]  Adding res/drawable-hdpi-v4/abc_ic_menu_cut_mtrl_alpha.png
[DEBUG]  Adding res/drawable-hdpi-v4/abc_ic_menu_moreoverflow_mtrl_alpha.png
[DEBUG]  Adding res/drawable-hdpi-v4/abc_ic_menu_paste_mtrl_am_alpha.png
[DEBUG]  Adding res/drawable-hdpi-v4/abc_ic_menu_selectall_mtrl_alpha.png
[DEBUG]  Adding res/drawable-hdpi-v4/abc_ic_menu_share_mtrl_alpha.png
[DEBUG]  Adding res/drawable-hdpi-v4/abc_ic_search_api_mtrl_alpha.png
[DEBUG]  Adding res/drawable-hdpi-v4/abc_ic_voice_search_api_mtrl_alpha.png
[DEBUG]  Adding res/drawable-hdpi-v4/abc_list_divider_mtrl_alpha.9.png
[DEBUG]  Adding res/drawable-hdpi-v4/abc_list_focused_holo.9.png
[DEBUG]  Adding res/drawable-hdpi-v4/abc_list_longpressed_holo.9.png
[DEBUG]  Adding res/drawable-hdpi-v4/abc_list_pressed_holo_dark.9.png
[DEBUG]  Adding res/drawable-hdpi-v4/abc_list_pressed_holo_light.9.png
[DEBUG]  Adding res/drawable-hdpi-v4/abc_list_selector_disabled_holo_dark.9.png
[DEBUG]  Adding res/drawable-hdpi-v4/abc_list_selector_disabled_holo_light.9.png
[DEBUG]  Adding res/drawable-hdpi-v4/abc_menu_hardkey_panel_mtrl_mult.9.png
[DEBUG]  Adding res/drawable-hdpi-v4/abc_popup_background_mtrl_mult.9.png
[DEBUG]  Adding res/drawable-hdpi-v4/abc_spinner_mtrl_am_alpha.9.png
[DEBUG]  Adding res/drawable-hdpi-v4/abc_switch_track_mtrl_alpha.9.png
[DEBUG]  Adding res/drawable-hdpi-v4/abc_tab_indicator_mtrl_alpha.9.png
[DEBUG]  Adding res/drawable-hdpi-v4/abc_textfield_activated_mtrl_alpha.9.png
[DEBUG]  Adding res/drawable-hdpi-v4/abc_textfield_default_mtrl_alpha.9.png
[DEBUG]  Adding res/drawable-hdpi-v4/abc_textfield_search_activated_mtrl_alpha.9.png
[DEBUG]  Adding res/drawable-hdpi-v4/abc_textfield_search_default_mtrl_alpha.9.png
[DEBUG]  Adding res/drawable-ldrtl-hdpi-v4/abc_ic_ab_back_mtrl_am_alpha.png
[DEBUG]  Adding res/drawable-ldrtl-hdpi-v4/abc_ic_menu_copy_mtrl_am_alpha.png
[DEBUG]  Adding res/drawable-ldrtl-hdpi-v4/abc_ic_menu_cut_mtrl_alpha.png
[DEBUG]  Adding res/drawable-ldrtl-hdpi-v4/abc_spinner_mtrl_am_alpha.9.png
[DEBUG]  Adding res/drawable-ldrtl-mdpi-v4/abc_ic_ab_back_mtrl_am_alpha.png
[DEBUG]  Adding res/drawable-ldrtl-mdpi-v4/abc_ic_menu_copy_mtrl_am_alpha.png
[DEBUG]  Adding res/drawable-ldrtl-mdpi-v4/abc_ic_menu_cut_mtrl_alpha.png
[DEBUG]  Adding res/drawable-ldrtl-mdpi-v4/abc_spinner_mtrl_am_alpha.9.png
[DEBUG]  Adding res/drawable-ldrtl-xhdpi-v4/abc_ic_ab_back_mtrl_am_alpha.png
[DEBUG]  Adding res/drawable-ldrtl-xhdpi-v4/abc_ic_menu_copy_mtrl_am_alpha.png
[DEBUG]  Adding res/drawable-ldrtl-xhdpi-v4/abc_ic_menu_cut_mtrl_alpha.png
[DEBUG]  Adding res/drawable-ldrtl-xhdpi-v4/abc_spinner_mtrl_am_alpha.9.png
[DEBUG]  Adding res/drawable-ldrtl-xxhdpi-v4/abc_ic_ab_back_mtrl_am_alpha.png
[DEBUG]  Adding res/drawable-ldrtl-xxhdpi-v4/abc_ic_menu_copy_mtrl_am_alpha.png
[DEBUG]  Adding res/drawable-ldrtl-xxhdpi-v4/abc_ic_menu_cut_mtrl_alpha.png
[DEBUG]  Adding res/drawable-ldrtl-xxhdpi-v4/abc_spinner_mtrl_am_alpha.9.png
[DEBUG]  Adding res/drawable-ldrtl-xxxhdpi-v4/abc_ic_ab_back_mtrl_am_alpha.png
[DEBUG]  Adding res/drawable-ldrtl-xxxhdpi-v4/abc_ic_menu_copy_mtrl_am_alpha.png
[DEBUG]  Adding res/drawable-ldrtl-xxxhdpi-v4/abc_ic_menu_cut_mtrl_alpha.png
[DEBUG]  Adding res/drawable-ldrtl-xxxhdpi-v4/abc_spinner_mtrl_am_alpha.9.png
[DEBUG]  Adding res/drawable-long-land-hdpi-v4/background.png
[DEBUG]  Adding res/drawable-long-land-ldpi-v4/background.png
[DEBUG]  Adding res/drawable-long-port-hdpi-v4/background.png
[DEBUG]  Adding res/drawable-long-port-ldpi-v4/background.png
[DEBUG]  Adding res/drawable-mdpi-v4/abc_ab_share_pack_mtrl_alpha.9.png
[DEBUG]  Adding res/drawable-mdpi-v4/abc_btn_check_to_on_mtrl_000.png
[DEBUG]  Adding res/drawable-mdpi-v4/abc_btn_check_to_on_mtrl_015.png
[DEBUG]  Adding res/drawable-mdpi-v4/abc_btn_radio_to_on_mtrl_000.png
[DEBUG]  Adding res/drawable-mdpi-v4/abc_btn_radio_to_on_mtrl_015.png
[DEBUG]  Adding res/drawable-mdpi-v4/abc_btn_rating_star_off_mtrl_alpha.png
[DEBUG]  Adding res/drawable-mdpi-v4/abc_btn_rating_star_on_mtrl_alpha.png
[DEBUG]  Adding res/drawable-mdpi-v4/abc_btn_switch_to_on_mtrl_00001.9.png
[DEBUG]  Adding res/drawable-mdpi-v4/abc_btn_switch_to_on_mtrl_00012.9.png
[DEBUG]  Adding res/drawable-mdpi-v4/abc_cab_background_top_mtrl_alpha.9.png
[DEBUG]  Adding res/drawable-mdpi-v4/abc_ic_ab_back_mtrl_am_alpha.png
[DEBUG]  Adding res/drawable-mdpi-v4/abc_ic_clear_mtrl_alpha.png
[DEBUG]  Adding res/drawable-mdpi-v4/abc_ic_commit_search_api_mtrl_alpha.png
[DEBUG]  Adding res/drawable-mdpi-v4/abc_ic_go_search_api_mtrl_alpha.png
[DEBUG]  Adding res/drawable-mdpi-v4/abc_ic_menu_copy_mtrl_am_alpha.png
[DEBUG]  Adding res/drawable-mdpi-v4/abc_ic_menu_cut_mtrl_alpha.png
[DEBUG]  Adding res/drawable-mdpi-v4/abc_ic_menu_moreoverflow_mtrl_alpha.png
[DEBUG]  Adding res/drawable-mdpi-v4/abc_ic_menu_paste_mtrl_am_alpha.png
[DEBUG]  Adding res/drawable-mdpi-v4/abc_ic_menu_selectall_mtrl_alpha.png
[DEBUG]  Adding res/drawable-mdpi-v4/abc_ic_menu_share_mtrl_alpha.png
[DEBUG]  Adding res/drawable-mdpi-v4/abc_ic_search_api_mtrl_alpha.png
[DEBUG]  Adding res/drawable-mdpi-v4/abc_ic_voice_search_api_mtrl_alpha.png
[DEBUG]  Adding res/drawable-mdpi-v4/abc_list_divider_mtrl_alpha.9.png
[DEBUG]  Adding res/drawable-mdpi-v4/abc_list_focused_holo.9.png
[DEBUG]  Adding res/drawable-mdpi-v4/abc_list_longpressed_holo.9.png
[DEBUG]  Adding res/drawable-mdpi-v4/abc_list_pressed_holo_dark.9.png
[DEBUG]  Adding res/drawable-mdpi-v4/abc_list_pressed_holo_light.9.png
[DEBUG]  Adding res/drawable-mdpi-v4/abc_list_selector_disabled_holo_dark.9.png
[DEBUG]  Adding res/drawable-mdpi-v4/abc_list_selector_disabled_holo_light.9.png
[DEBUG]  Adding res/drawable-mdpi-v4/abc_menu_hardkey_panel_mtrl_mult.9.png
[DEBUG]  Adding res/drawable-mdpi-v4/abc_popup_background_mtrl_mult.9.png
[DEBUG]  Adding res/drawable-mdpi-v4/abc_spinner_mtrl_am_alpha.9.png
[DEBUG]  Adding res/drawable-mdpi-v4/abc_switch_track_mtrl_alpha.9.png
[DEBUG]  Adding res/drawable-mdpi-v4/abc_tab_indicator_mtrl_alpha.9.png
[DEBUG]  Adding res/drawable-mdpi-v4/abc_textfield_activated_mtrl_alpha.9.png
[DEBUG]  Adding res/drawable-mdpi-v4/abc_textfield_default_mtrl_alpha.9.png
[DEBUG]  Adding res/drawable-mdpi-v4/abc_textfield_search_activated_mtrl_alpha.9.png
[DEBUG]  Adding res/drawable-mdpi-v4/abc_textfield_search_default_mtrl_alpha.9.png
[DEBUG]  Adding res/drawable-notlong-land-hdpi-v4/background.png
[DEBUG]  Adding res/drawable-notlong-land-ldpi-v4/background.png
[DEBUG]  Adding res/drawable-notlong-land-mdpi-v4/background.png
[DEBUG]  Adding res/drawable-notlong-port-hdpi-v4/background.png
[DEBUG]  Adding res/drawable-notlong-port-ldpi-v4/background.png
[DEBUG]  Adding res/drawable-notlong-port-mdpi-v4/background.png
[DEBUG]  Deflating res/drawable-v21/abc_action_bar_item_background_material.xml
[DEBUG]  Deflating res/drawable-v21/abc_btn_colored_material.xml
[DEBUG]  Deflating res/drawable-v23/abc_control_background_material.xml
[DEBUG]  Adding res/drawable-xhdpi-v4/abc_ab_share_pack_mtrl_alpha.9.png
[DEBUG]  Adding res/drawable-xhdpi-v4/abc_btn_check_to_on_mtrl_000.png
[DEBUG]  Adding res/drawable-xhdpi-v4/abc_btn_check_to_on_mtrl_015.png
[DEBUG]  Adding res/drawable-xhdpi-v4/abc_btn_radio_to_on_mtrl_000.png
[DEBUG]  Adding res/drawable-xhdpi-v4/abc_btn_radio_to_on_mtrl_015.png
[DEBUG]  Adding res/drawable-xhdpi-v4/abc_btn_rating_star_off_mtrl_alpha.png
[DEBUG]  Adding res/drawable-xhdpi-v4/abc_btn_rating_star_on_mtrl_alpha.png
[DEBUG]  Adding res/drawable-xhdpi-v4/abc_btn_switch_to_on_mtrl_00001.9.png
[DEBUG]  Adding res/drawable-xhdpi-v4/abc_btn_switch_to_on_mtrl_00012.9.png
[DEBUG]  Adding res/drawable-xhdpi-v4/abc_cab_background_top_mtrl_alpha.9.png
[DEBUG]  Adding res/drawable-xhdpi-v4/abc_ic_ab_back_mtrl_am_alpha.png
[DEBUG]  Adding res/drawable-xhdpi-v4/abc_ic_clear_mtrl_alpha.png
[DEBUG]  Adding res/drawable-xhdpi-v4/abc_ic_commit_search_api_mtrl_alpha.png
[DEBUG]  Adding res/drawable-xhdpi-v4/abc_ic_go_search_api_mtrl_alpha.png
[DEBUG]  Adding res/drawable-xhdpi-v4/abc_ic_menu_copy_mtrl_am_alpha.png
[DEBUG]  Adding res/drawable-xhdpi-v4/abc_ic_menu_cut_mtrl_alpha.png
[DEBUG]  Adding res/drawable-xhdpi-v4/abc_ic_menu_moreoverflow_mtrl_alpha.png
[DEBUG]  Adding res/drawable-xhdpi-v4/abc_ic_menu_paste_mtrl_am_alpha.png
[DEBUG]  Adding res/drawable-xhdpi-v4/abc_ic_menu_selectall_mtrl_alpha.png
[DEBUG]  Adding res/drawable-xhdpi-v4/abc_ic_menu_share_mtrl_alpha.png
[DEBUG]  Adding res/drawable-xhdpi-v4/abc_ic_search_api_mtrl_alpha.png
[DEBUG]  Adding res/drawable-xhdpi-v4/abc_ic_voice_search_api_mtrl_alpha.png
[DEBUG]  Adding res/drawable-xhdpi-v4/abc_list_divider_mtrl_alpha.9.png
[DEBUG]  Adding res/drawable-xhdpi-v4/abc_list_focused_holo.9.png
[DEBUG]  Adding res/drawable-xhdpi-v4/abc_list_longpressed_holo.9.png
[DEBUG]  Adding res/drawable-xhdpi-v4/abc_list_pressed_holo_dark.9.png
[DEBUG]  Adding res/drawable-xhdpi-v4/abc_list_pressed_holo_light.9.png
[DEBUG]  Adding res/drawable-xhdpi-v4/abc_list_selector_disabled_holo_dark.9.png
[DEBUG]  Adding res/drawable-xhdpi-v4/abc_list_selector_disabled_holo_light.9.png
[DEBUG]  Adding res/drawable-xhdpi-v4/abc_menu_hardkey_panel_mtrl_mult.9.png
[DEBUG]  Adding res/drawable-xhdpi-v4/abc_popup_background_mtrl_mult.9.png
[DEBUG]  Adding res/drawable-xhdpi-v4/abc_spinner_mtrl_am_alpha.9.png
[DEBUG]  Adding res/drawable-xhdpi-v4/abc_switch_track_mtrl_alpha.9.png
[DEBUG]  Adding res/drawable-xhdpi-v4/abc_tab_indicator_mtrl_alpha.9.png
[DEBUG]  Adding res/drawable-xhdpi-v4/abc_textfield_activated_mtrl_alpha.9.png
[DEBUG]  Adding res/drawable-xhdpi-v4/abc_textfield_default_mtrl_alpha.9.png
[DEBUG]  Adding res/drawable-xhdpi-v4/abc_textfield_search_activated_mtrl_alpha.9.png
[DEBUG]  Adding res/drawable-xhdpi-v4/abc_textfield_search_default_mtrl_alpha.9.png
[DEBUG]  Adding res/drawable-xxhdpi-v4/abc_ab_share_pack_mtrl_alpha.9.png
[DEBUG]  Adding res/drawable-xxhdpi-v4/abc_btn_check_to_on_mtrl_000.png
[DEBUG]  Adding res/drawable-xxhdpi-v4/abc_btn_check_to_on_mtrl_015.png
[DEBUG]  Adding res/drawable-xxhdpi-v4/abc_btn_radio_to_on_mtrl_000.png
[DEBUG]  Adding res/drawable-xxhdpi-v4/abc_btn_radio_to_on_mtrl_015.png
[DEBUG]  Adding res/drawable-xxhdpi-v4/abc_btn_rating_star_off_mtrl_alpha.png
[DEBUG]  Adding res/drawable-xxhdpi-v4/abc_btn_rating_star_on_mtrl_alpha.png
[DEBUG]  Adding res/drawable-xxhdpi-v4/abc_btn_switch_to_on_mtrl_00001.9.png
[DEBUG]  Adding res/drawable-xxhdpi-v4/abc_btn_switch_to_on_mtrl_00012.9.png
[DEBUG]  Adding res/drawable-xxhdpi-v4/abc_cab_background_top_mtrl_alpha.9.png
[DEBUG]  Adding res/drawable-xxhdpi-v4/abc_ic_ab_back_mtrl_am_alpha.png
[DEBUG]  Adding res/drawable-xxhdpi-v4/abc_ic_clear_mtrl_alpha.png
[DEBUG]  Adding res/drawable-xxhdpi-v4/abc_ic_commit_search_api_mtrl_alpha.png
[DEBUG]  Adding res/drawable-xxhdpi-v4/abc_ic_go_search_api_mtrl_alpha.png
[DEBUG]  Adding res/drawable-xxhdpi-v4/abc_ic_menu_copy_mtrl_am_alpha.png
[DEBUG]  Adding res/drawable-xxhdpi-v4/abc_ic_menu_cut_mtrl_alpha.png
[DEBUG]  Adding res/drawable-xxhdpi-v4/abc_ic_menu_moreoverflow_mtrl_alpha.png
[DEBUG]  Adding res/drawable-xxhdpi-v4/abc_ic_menu_paste_mtrl_am_alpha.png
[DEBUG]  Adding res/drawable-xxhdpi-v4/abc_ic_menu_selectall_mtrl_alpha.png
[DEBUG]  Adding res/drawable-xxhdpi-v4/abc_ic_menu_share_mtrl_alpha.png
[DEBUG]  Adding res/drawable-xxhdpi-v4/abc_ic_search_api_mtrl_alpha.png
[DEBUG]  Adding res/drawable-xxhdpi-v4/abc_ic_voice_search_api_mtrl_alpha.png
[DEBUG]  Adding res/drawable-xxhdpi-v4/abc_list_divider_mtrl_alpha.9.png
[DEBUG]  Adding res/drawable-xxhdpi-v4/abc_list_focused_holo.9.png
[DEBUG]  Adding res/drawable-xxhdpi-v4/abc_list_longpressed_holo.9.png
[DEBUG]  Adding res/drawable-xxhdpi-v4/abc_list_pressed_holo_dark.9.png
[DEBUG]  Adding res/drawable-xxhdpi-v4/abc_list_pressed_holo_light.9.png
[DEBUG]  Adding res/drawable-xxhdpi-v4/abc_list_selector_disabled_holo_dark.9.png
[DEBUG]  Adding res/drawable-xxhdpi-v4/abc_list_selector_disabled_holo_light.9.png
[DEBUG]  Adding res/drawable-xxhdpi-v4/abc_menu_hardkey_panel_mtrl_mult.9.png
[DEBUG]  Adding res/drawable-xxhdpi-v4/abc_popup_background_mtrl_mult.9.png
[DEBUG]  Adding res/drawable-xxhdpi-v4/abc_spinner_mtrl_am_alpha.9.png
[DEBUG]  Adding res/drawable-xxhdpi-v4/abc_switch_track_mtrl_alpha.9.png
[DEBUG]  Adding res/drawable-xxhdpi-v4/abc_tab_indicator_mtrl_alpha.9.png
[DEBUG]  Adding res/drawable-xxhdpi-v4/abc_textfield_activated_mtrl_alpha.9.png
[DEBUG]  Adding res/drawable-xxhdpi-v4/abc_textfield_default_mtrl_alpha.9.png
[DEBUG]  Adding res/drawable-xxhdpi-v4/abc_textfield_search_activated_mtrl_alpha.9.png
[DEBUG]  Adding res/drawable-xxhdpi-v4/abc_textfield_search_default_mtrl_alpha.9.png
[DEBUG]  Adding res/drawable-xxxhdpi-v4/abc_btn_check_to_on_mtrl_000.png
[DEBUG]  Adding res/drawable-xxxhdpi-v4/abc_btn_check_to_on_mtrl_015.png
[DEBUG]  Adding res/drawable-xxxhdpi-v4/abc_btn_radio_to_on_mtrl_000.png
[DEBUG]  Adding res/drawable-xxxhdpi-v4/abc_btn_radio_to_on_mtrl_015.png
[DEBUG]  Adding res/drawable-xxxhdpi-v4/abc_btn_switch_to_on_mtrl_00001.9.png
[DEBUG]  Adding res/drawable-xxxhdpi-v4/abc_btn_switch_to_on_mtrl_00012.9.png
[DEBUG]  Adding res/drawable-xxxhdpi-v4/abc_ic_ab_back_mtrl_am_alpha.png
[DEBUG]  Adding res/drawable-xxxhdpi-v4/abc_ic_clear_mtrl_alpha.png
[DEBUG]  Adding res/drawable-xxxhdpi-v4/abc_ic_menu_copy_mtrl_am_alpha.png
[DEBUG]  Adding res/drawable-xxxhdpi-v4/abc_ic_menu_cut_mtrl_alpha.png
[DEBUG]  Adding res/drawable-xxxhdpi-v4/abc_ic_menu_moreoverflow_mtrl_alpha.png
[DEBUG]  Adding res/drawable-xxxhdpi-v4/abc_ic_menu_paste_mtrl_am_alpha.png
[DEBUG]  Adding res/drawable-xxxhdpi-v4/abc_ic_menu_selectall_mtrl_alpha.png
[DEBUG]  Adding res/drawable-xxxhdpi-v4/abc_ic_menu_share_mtrl_alpha.png
[DEBUG]  Adding res/drawable-xxxhdpi-v4/abc_ic_search_api_mtrl_alpha.png
[DEBUG]  Adding res/drawable-xxxhdpi-v4/abc_ic_voice_search_api_mtrl_alpha.png
[DEBUG]  Adding res/drawable-xxxhdpi-v4/abc_spinner_mtrl_am_alpha.9.png
[DEBUG]  Adding res/drawable-xxxhdpi-v4/abc_switch_track_mtrl_alpha.9.png
[DEBUG]  Adding res/drawable-xxxhdpi-v4/abc_tab_indicator_mtrl_alpha.9.png
[DEBUG]  Deflating res/drawable/abc_btn_borderless_material.xml
[DEBUG]  Deflating res/drawable/abc_btn_check_material.xml
[DEBUG]  Deflating res/drawable/abc_btn_colored_material.xml
[DEBUG]  Deflating res/drawable/abc_btn_default_mtrl_shape.xml
[DEBUG]  Deflating res/drawable/abc_btn_radio_material.xml
[DEBUG]  Deflating res/drawable/abc_cab_background_internal_bg.xml
[DEBUG]  Deflating res/drawable/abc_cab_background_top_material.xml
[DEBUG]  Deflating res/drawable/abc_dialog_material_background_dark.xml
[DEBUG]  Deflating res/drawable/abc_dialog_material_background_light.xml
[DEBUG]  Deflating res/drawable/abc_edit_text_material.xml
[DEBUG]  Deflating res/drawable/abc_item_background_holo_dark.xml
[DEBUG]  Deflating res/drawable/abc_item_background_holo_light.xml
[DEBUG]  Deflating res/drawable/abc_list_selector_background_transition_holo_dark.xml
[DEBUG]  Deflating res/drawable/abc_list_selector_background_transition_holo_light.xml
[DEBUG]  Deflating res/drawable/abc_list_selector_holo_dark.xml
[DEBUG]  Deflating res/drawable/abc_list_selector_holo_light.xml
[DEBUG]  Deflating res/drawable/abc_ratingbar_full_material.xml
[DEBUG]  Deflating res/drawable/abc_spinner_textfield_background_material.xml
[DEBUG]  Deflating res/drawable/abc_switch_thumb_material.xml
[DEBUG]  Deflating res/drawable/abc_tab_indicator_material.xml
[DEBUG]  Deflating res/drawable/abc_text_cursor_material.xml
[DEBUG]  Deflating res/drawable/abc_textfield_search_material.xml
[DEBUG]  Adding res/drawable/appicon.png
[DEBUG]  Adding res/drawable/background.png
[DEBUG]  Adding res/drawable/btn_check_buttonless_on_64.png
[DEBUG]  Adding res/drawable/btn_more_64.png
[DEBUG]  Adding res/drawable/disclosure_64.png
[DEBUG]  Deflating res/layout-v17/abc_alert_dialog_material.xml
[DEBUG]  Deflating res/layout-v17/abc_dialog_title_material.xml
[DEBUG]  Deflating res/layout-v17/abc_search_view.xml
[DEBUG]  Deflating res/layout-v17/notification_template_big_media.xml
[DEBUG]  Deflating res/layout-v17/notification_template_big_media_narrow.xml
[DEBUG]  Deflating res/layout-v17/notification_template_lines.xml
[DEBUG]  Deflating res/layout-v17/notification_template_media.xml
[DEBUG]  Deflating res/layout-v17/notification_template_part_chronometer.xml
[DEBUG]  Deflating res/layout-v17/notification_template_part_time.xml
[DEBUG]  Deflating res/layout-v21/abc_screen_toolbar.xml
[DEBUG]  Deflating res/layout-v21/titanium_ui_date_picker_spinner.xml
[DEBUG]  Deflating res/layout-v21/titanium_ui_time_picker_spinner.xml
[DEBUG]  Deflating res/layout/abc_action_bar_title_item.xml
[DEBUG]  Deflating res/layout/abc_action_bar_up_container.xml
[DEBUG]  Deflating res/layout/abc_action_bar_view_list_nav_layout.xml
[DEBUG]  Deflating res/layout/abc_action_menu_item_layout.xml
[DEBUG]  Deflating res/layout/abc_action_menu_layout.xml
[DEBUG]  Deflating res/layout/abc_action_mode_bar.xml
[DEBUG]  Deflating res/layout/abc_action_mode_close_item_material.xml
[DEBUG]  Deflating res/layout/abc_activity_chooser_view.xml
[DEBUG]  Deflating res/layout/abc_activity_chooser_view_list_item.xml
[DEBUG]  Deflating res/layout/abc_alert_dialog_material.xml
[DEBUG]  Deflating res/layout/abc_dialog_title_material.xml
[DEBUG]  Deflating res/layout/abc_expanded_menu_layout.xml
[DEBUG]  Deflating res/layout/abc_list_menu_item_checkbox.xml
[DEBUG]  Deflating res/layout/abc_list_menu_item_icon.xml
[DEBUG]  Deflating res/layout/abc_list_menu_item_layout.xml
[DEBUG]  Deflating res/layout/abc_list_menu_item_radio.xml
[DEBUG]  Deflating res/layout/abc_popup_menu_item_layout.xml
[DEBUG]  Deflating res/layout/abc_screen_content_include.xml
[DEBUG]  Deflating res/layout/abc_screen_simple.xml
[DEBUG]  Deflating res/layout/abc_screen_simple_overlay_action_mode.xml
[DEBUG]  Deflating res/layout/abc_screen_toolbar.xml
[DEBUG]  Deflating res/layout/abc_search_dropdown_item_icons_2line.xml
[DEBUG]  Deflating res/layout/abc_search_view.xml
[DEBUG]  Deflating res/layout/abc_select_dialog_material.xml
[DEBUG]  Deflating res/layout/notification_media_action.xml
[DEBUG]  Deflating res/layout/notification_media_cancel_action.xml
[DEBUG]  Deflating res/layout/notification_template_big_media.xml
[DEBUG]  Deflating res/layout/notification_template_big_media_narrow.xml
[DEBUG]  Deflating res/layout/notification_template_lines.xml
[DEBUG]  Deflating res/layout/notification_template_media.xml
[DEBUG]  Deflating res/layout/notification_template_part_chronometer.xml
[DEBUG]  Deflating res/layout/notification_template_part_time.xml
[DEBUG]  Deflating res/layout/select_dialog_item_material.xml
[DEBUG]  Deflating res/layout/select_dialog_multichoice_material.xml
[DEBUG]  Deflating res/layout/select_dialog_singlechoice_material.xml
[DEBUG]  Deflating res/layout/support_simple_spinner_dropdown_item.xml
[DEBUG]  Deflating res/layout/titanium_tabgroup.xml
[DEBUG]  Deflating res/layout/titanium_ui_checkbox.xml
[DEBUG]  Deflating res/layout/titanium_ui_date_picker_spinner.xml
[DEBUG]  Deflating res/layout/titanium_ui_edittext.xml
[DEBUG]  Deflating res/layout/titanium_ui_list_header_or_footer.xml
[DEBUG]  Deflating res/layout/titanium_ui_list_item.xml
[DEBUG]  Deflating res/layout/titanium_ui_spinner.xml
[DEBUG]  Deflating res/layout/titanium_ui_switchcompat.xml
[DEBUG]  Deflating res/layout/titanium_ui_time_picker_spinner.xml
[DEBUG]  Deflating resources.arsc
[DEBUG]  Processing /Users/robertonou/Library/Application Support/Titanium/mobilesdk/osx/5.3.0.GA/android/kroll-v8.jar
[DEBUG]  Processing /Users/robertonou/Library/Application Support/Titanium/mobilesdk/osx/5.3.0.GA/android/modules/titanium-analytics.jar
[DEBUG]  Processing /Users/robertonou/Library/Application Support/Titanium/mobilesdk/osx/5.3.0.GA/android/aps-analytics.jar
[DEBUG]  Processing /Users/robertonou/Library/Application Support/Titanium/mobilesdk/osx/5.3.0.GA/android/modules/titanium-android.jar
[DEBUG]  Processing /Users/robertonou/Library/Application Support/Titanium/mobilesdk/osx/5.3.0.GA/android/jaxen-1.1.1.jar
[DEBUG]  Processing /Users/robertonou/Library/Application Support/Titanium/mobilesdk/osx/5.3.0.GA/android/ti-commons-codec-1.3.jar
[DEBUG]  Processing /Users/robertonou/Library/Application Support/Titanium/mobilesdk/osx/5.3.0.GA/android/kroll-common.jar
[DEBUG]  Processing /Users/robertonou/Library/Application Support/Titanium/mobilesdk/osx/5.3.0.GA/android/titanium.jar
[DEBUG]  Deflating org/appcelerator/titanium/build.properties
[DEBUG]  Adding org/appcelerator/titanium/res/drawable/background.png
[DEBUG]  Adding org/appcelerator/titanium/res/drawable/btn_check_buttonless_on.png
[DEBUG]  Adding org/appcelerator/titanium/res/drawable/btn_check_buttonless_on_100.png
[DEBUG]  Adding org/appcelerator/titanium/res/drawable/btn_check_buttonless_on_18.png
[DEBUG]  Adding org/appcelerator/titanium/res/drawable/btn_check_buttonless_on_48.png
[DEBUG]  Adding org/appcelerator/titanium/res/drawable/btn_check_buttonless_on_64.png
[DEBUG]  Adding org/appcelerator/titanium/res/drawable/btn_more.png
[DEBUG]  Adding org/appcelerator/titanium/res/drawable/btn_more_100.png
[DEBUG]  Adding org/appcelerator/titanium/res/drawable/btn_more_18.png
[DEBUG]  Adding org/appcelerator/titanium/res/drawable/btn_more_48.png
[DEBUG]  Adding org/appcelerator/titanium/res/drawable/btn_more_64.png
[DEBUG]  Adding org/appcelerator/titanium/res/drawable/btn_picker_normal.9.png
[DEBUG]  Adding org/appcelerator/titanium/res/drawable/btn_picker_pressed.9.png
[DEBUG]  Adding org/appcelerator/titanium/res/drawable/btn_picker_selected.9.png
[DEBUG]  Adding org/appcelerator/titanium/res/drawable/default_icon.png
[DEBUG]  Adding org/appcelerator/titanium/res/drawable/photoDefault.png
[DEBUG]  Processing /Users/robertonou/Library/Application Support/Titanium/mobilesdk/osx/5.3.0.GA/android/modules/titanium-app.jar
[DEBUG]  Processing /Users/robertonou/Library/Application Support/Titanium/mobilesdk/osx/5.3.0.GA/android/modules/titanium-ui.jar
[DEBUG]  Deflating ti/modules/titanium/ui/widget/webview/binding.js
[DEBUG]  Deflating ti/modules/titanium/ui/widget/webview/binding.min.js
[DEBUG]  Deflating ti/modules/titanium/ui/widget/webview/json2.js
[DEBUG]  Deflating ti/modules/titanium/ui/widget/webview/polling.js
[DEBUG]  Deflating ti/modules/titanium/ui/widget/webview/polling.min.js
[DEBUG]  Processing /Users/robertonou/Library/Application Support/Titanium/mobilesdk/osx/5.3.0.GA/android/nineoldandroids-appc-2.4.0.jar
[DEBUG]  Processing /Users/robertonou/Library/Application Support/Titanium/mobilesdk/osx/5.3.0.GA/android/modules/titanium-filesystem.jar
[DEBUG]  Processing /Users/robertonou/Library/Application Support/Titanium/mobilesdk/osx/5.3.0.GA/android/modules/titanium-media.jar
[DEBUG]  Processing /Users/robertonou/Library/Application Support/Titanium/mobilesdk/osx/5.3.0.GA/android/modules/titanium-appcompat.jar
[DEBUG]  Processing /Users/robertonou/Library/Application Support/Titanium/mobilesdk/osx/5.3.0.GA/android/android-support-v4.jar
[DEBUG]  Processing /Users/robertonou/Library/Application Support/Titanium/mobilesdk/osx/5.3.0.GA/android/android-support-v7-appcompat.jar
[DEBUG]  Processing /Users/robertonou/Library/Application Support/Titanium/mobilesdk/osx/5.3.0.GA/android/modules/titanium-cardview.jar
[DEBUG]  Processing /Users/robertonou/Library/Application Support/Titanium/mobilesdk/osx/5.3.0.GA/android/cardview-v7-23.0.1.jar
[DEBUG]  Processing /Users/robertonou/Library/Application Support/Titanium/mobilesdk/osx/5.3.0.GA/android/modules/titanium-locale.jar
[DEBUG]  Processing /Users/robertonou/Library/Application Support/Titanium/mobilesdk/osx/5.3.0.GA/android/modules/titanium-network.jar
[DEBUG]  Processing /Users/robertonou/Library/Application Support/Titanium/mobilesdk/osx/5.3.0.GA/android/modules/titanium-xml.jar
[DEBUG]  Processing /Users/robertonou/Library/Application Support/Titanium/mobilesdk/osx/5.3.0.GA/android/modules/titanium-platform.jar
[DEBUG]  Adding classes.dex
[INFO]   Processing /Users/robertonou/Documents/Appcelerator_Studio_Workspace/OMDbFavoritos/build/android/src
[DEBUG]  Adding lib/armeabi/libkroll-v8.so
[DEBUG]  Adding lib/armeabi/libstlport_shared.so
[DEBUG]  Adding lib/armeabi/libtiverify.so
[DEBUG]  Adding lib/armeabi-v7a/libkroll-v8.so
[DEBUG]  Adding lib/armeabi-v7a/libstlport_shared.so
[DEBUG]  Adding lib/armeabi-v7a/libtiverify.so
[DEBUG]  Adding lib/x86/libkroll-v8.so
[DEBUG]  Adding lib/x86/libstlport_shared.so
[DEBUG]  Adding lib/x86/libtiverify.so
[INFO]   Writing unsigned apk: /Users/robertonou/Documents/Appcelerator_Studio_Workspace/OMDbFavoritos/build/android/bin/app-unsigned.apk
[INFO]   Using MD5withRSA signature algorithm
[INFO]   Signing apk: /Library/Java/JavaVirtualMachines/jdk1.8.0_102.jdk/Contents/Home/bin/jarsigner "-sigalg" "MD5withRSA" "-digestalg" "SHA1" "-keystore" "/Users/robertonou/Library/Application Support/Titanium/mobilesdk/osx/5.3.0.GA/android/dev_keystore" "-storepass" "*******" "-signedjar" "/Users/robertonou/Documents/Appcelerator_Studio_Workspace/OMDbFavoritos/build/android/bin/OMDbFavoritos.apk" "/Users/robertonou/Documents/Appcelerator_Studio_Workspace/OMDbFavoritos/build/android/bin/app-unsigned.apk" "tidev"
[INFO]   Aligning zip file: /Applications/android-sdk-macosx/build-tools/23.0.1/zipalign "-v" "4" "/Users/robertonou/Documents/Appcelerator_Studio_Workspace/OMDbFavoritos/build/android/bin/OMDbFavoritos.apk" "/Users/robertonou/Documents/Appcelerator_Studio_Workspace/OMDbFavoritos/build/android/bin/OMDbFavoritos.apkz"
[INFO]   Writing build manifest: /Users/robertonou/Documents/Appcelerator_Studio_Workspace/OMDbFavoritos/build/android/build-manifest.json
[INFO]   Making sure the adb server is running
[INFO]   Installing apk: /Users/robertonou/Documents/Appcelerator_Studio_Workspace/OMDbFavoritos/build/android/bin/OMDbFavoritos.apk
[INFO]   Installing app on device: Nexus 5
[TRACE]  Checking if package manager service is started
[TRACE]  Package manager has started
[TRACE]  Executing: /Applications/android-sdk-macosx/platform-tools/adb -s 04cddac500748f66 install -r /Users/robertonou/Documents/Appcelerator_Studio_Workspace/OMDbFavoritos/build/android/bin/OMDbFavoritos.apk
[INFO]   App successfully installed
[INFO]   Starting app: com.betonou.omdb/.OmdbfavoritosActivity
[DEBUG]  Trying to start the app...
[INFO]   Application pid: 24163
[INFO]   Project built successfully in 50s 164ms
